<?xml version='1.0' encoding='UTF-8'?>
<testsuite hostname="olimpo" name="HammingTest" tests="8" errors="0" failures="0" time="0.029">
                     <properties>
[...]
</properties>
                     <testcase classname="HammingTest" name="should detect no difference between empty strands" time="0.028">
                                                 
                                               </testcase><testcase classname="HammingTest" name="should detect no difference between identical strands" time="0.0">
                                                 
                                               </testcase><testcase classname="HammingTest" name="should detect complete hamming distance in small strand" time="0.0">
                                                 
                                               </testcase><testcase classname="HammingTest" name="should give hamming distance in off by one strand" time="0.0">
                                                 
                                               </testcase><testcase classname="HammingTest" name="should give small hamming distance in middle somewhere" time="0.0">
                                                 
                                               </testcase><testcase classname="HammingTest" name="should give a larger distance" time="0.0">
                                                 
                                               </testcase><testcase classname="HammingTest" name="should be undefined for first String longer" time="0.001">
                                                 
                                               </testcase><testcase classname="HammingTest" name="should be undefined for second String longer" time="0.0">
                                                 
                                               </testcase>
                     <system-out></system-out>
                     <system-err></system-err>
                   </testsuite>